<?xml version="1.0" encoding="UTF-8"?>
<!-- Generated by org.testng.reporters.JUnitReportReporter -->
<testsuite hostname="sabariPc" failures="0" tests="2" name="org.sample.Flipkart" time="23.823" errors="0" timestamp="05 Jul 2022 10:39:00 GMT" skipped="0">
  <testcase classname="org.sample.Flipkart" name="testCase1" time="12.574"/>
  <testcase classname="org.sample.Flipkart" name="testCase2" time="11.249"/>
</testsuite> <!-- org.sample.Flipkart -->
